  ex2.cpp
C:\Users\gerge\source\repos\Laborator7\tree.h(62,38): error C2760: syntax error: '_root' was unexpected here; expected ')'
  (compiling source file 'ex2.cpp')
  C:\Users\gerge\source\repos\Laborator7\tree.h(62,38):
  the template instantiation context (the oldest one first) is
  	C:\Users\gerge\source\repos\Laborator7\tree.h(89,2):
  	see reference to class template instantiation 'binaryTree<T>' being compiled
  
C:\Users\gerge\source\repos\Laborator7\tree.h(62,43): error C3878: syntax error: unexpected token '->' following 'expression'
  (compiling source file 'ex2.cpp')
  
C:\Users\gerge\source\repos\Laborator7\tree.h(62,43): message : error recovery skipped: '-> identifier'
  (compiling source file 'ex2.cpp')
  
C:\Users\gerge\source\repos\Laborator7\tree.h(62,47): error C2760: syntax error: ')' was unexpected here; expected ';'
  (compiling source file 'ex2.cpp')
  
C:\Users\gerge\source\repos\Laborator7\tree.h(62,47): error C3878: syntax error: unexpected token ')' following 'expression_statement'
  (compiling source file 'ex2.cpp')
  
C:\Users\gerge\source\repos\Laborator7\tree.h(62,47): error C3878: syntax error: unexpected token ')' following 'statement'
  (compiling source file 'ex2.cpp')
  
C:\Users\gerge\source\repos\Laborator7\tree.h(62,47): error C3878: syntax error: unexpected token ')' following 'selection_statement'
  (compiling source file 'ex2.cpp')
  
C:\Users\gerge\source\repos\Laborator7\tree.h(62,47): error C3878: syntax error: unexpected token ')' following 'statement_seq'
  (compiling source file 'ex2.cpp')
  C:\Users\gerge\source\repos\Laborator7\tree.h(62,47):
  missing one of:  '}' ?
  
C:\Users\gerge\source\repos\Laborator7\tree.h(62,47): error C2760: syntax error: ')' was unexpected here; expected '}'
  (compiling source file 'ex2.cpp')
  
C:\Users\gerge\source\repos\Laborator7\tree.h(62,47): error C3878: syntax error: unexpected token ')' following 'compound_statement'
  (compiling source file 'ex2.cpp')
  
C:\Users\gerge\source\repos\Laborator7\tree.h(62,47): message : error recovery skipped: ')'
  (compiling source file 'ex2.cpp')
  
C:\Users\gerge\source\repos\Laborator7\tree.h(63,4): error C3878: syntax error: unexpected token 'else' following 'statement_seq'
  (compiling source file 'ex2.cpp')
  C:\Users\gerge\source\repos\Laborator7\tree.h(63,4):
  missing one of:  '}' ?
  
C:\Users\gerge\source\repos\Laborator7\tree.h(63,4): message : error recovery skipped: 'else if (  . . . ;'
  (compiling source file 'ex2.cpp')
  
C:\Users\gerge\source\repos\Laborator7\tree.h(67,5): message : parsing resumes here
  (compiling source file 'ex2.cpp')
  
C:\Users\gerge\source\repos\Laborator7\tree.h(86,33): error C2760: syntax error: ',' was unexpected here; expected ')'
  (compiling source file 'ex2.cpp')
  
C:\Users\gerge\source\repos\Laborator7\tree.h(86,35): error C3878: syntax error: unexpected token 'const' following 'expression'
  (compiling source file 'ex2.cpp')
  
C:\Users\gerge\source\repos\Laborator7\tree.h(86,35): message : error recovery skipped: 'const identifier &  . . . identifier'
  (compiling source file 'ex2.cpp')
  
C:\Users\gerge\source\repos\Laborator7\tree.h(86,54): error C2760: syntax error: ')' was unexpected here; expected ';'
  (compiling source file 'ex2.cpp')
  
C:\Users\gerge\source\repos\Laborator7\tree.h(86,54): error C3878: syntax error: unexpected token ')' following 'jump_statement'
  (compiling source file 'ex2.cpp')
  
C:\Users\gerge\source\repos\Laborator7\tree.h(86,54): error C3878: syntax error: unexpected token ')' following 'statement'
  (compiling source file 'ex2.cpp')
  
C:\Users\gerge\source\repos\Laborator7\tree.h(86,54): error C3878: syntax error: unexpected token ')' following 'selection_statement'
  (compiling source file 'ex2.cpp')
  
C:\Users\gerge\source\repos\Laborator7\tree.h(86,54): message : error recovery skipped: ')'
  (compiling source file 'ex2.cpp')
  
C:\Users\gerge\source\repos\Laborator7\ex2.cpp(6,16): warning C4244: 'return': conversion from 'double' to 'float', possible loss of data
C:\Users\gerge\source\repos\Laborator7\ex2.cpp(9,35): warning C4244: 'return': conversion from 'double' to 'float', possible loss of data
